Arguments: 
  C:\Program Files\nodejs\node.exe C:\Users\DELL\AppData\Roaming\npm\node_modules\yarn\bin\yarn.js dev

PATH: 
  C:\Users\DELL\bin;C:\Program Files\Git\mingw64\bin;C:\Program Files\Git\usr\local\bin;C:\Program Files\Git\usr\bin;C:\Program Files\Git\usr\bin;C:\Program Files\Git\mingw64\bin;C:\Program Files\Git\usr\bin;C:\Users\DELL\bin;C:\Program Files\Common Files\Oracle\Java\javapath;C:\WINDOWS\system32;C:\WINDOWS;C:\WINDOWS\System32\Wbem;C:\WINDOWS\System32\WindowsPowerShell\v1.0;C:\WINDOWS\System32\OpenSSH;C:\Program Files\Microsoft\Web Platform Installer;C:\Program Files (x86)\Microsoft ASP.NET\ASP.NET Web Pages\v1.0;C:\Program Files (x86)\Windows Kits\8.0\Windows Performance Toolkit;C:\Program Files\Microsoft SQL Server\110\Tools\Binn;C:\Program Files\nodejs;C:\Program Files\Git\cmd;C:\Users\DELL\AppData\Local\Programs\Python\Python310\Scripts;C:\Users\DELL\AppData\Local\Programs\Python\Python310;C:\Users\DELL\AppData\Local\Microsoft\WindowsApps;C:\Users\DELL\AppData\Local\Programs\Microsoft VS Code\bin;C:\Users\DELL\AppData\Roaming\npm;C:\Users\DELL\AppData\Local\GitHubDesktop\bin;C:\xampp\mysql\bin;C:\Program Files\heroku\bin;C:\xampp\php;C:\Users\DELL\AppData\Roaming\Composer\vendor\bin;C:\Users\DELL\AppData\Local\Programs\oh-my-posh\bin;C:\Program Files\JetBrains\WebStorm 2022.1\bin;C:\Program Files\Git\usr\bin\vendor_perl;C:\Program Files\Git\usr\bin\core_perl

Yarn version: 
  1.22.19

Node version: 
  16.14.0

Platform: 
  win32 x64

Trace: 
  SyntaxError: C:\Users\DELL\OneDrive\Desktop\Mern Stack\Blog\Backend\package.json: Unexpected token } in JSON at position 170
      at JSON.parse (<anonymous>)
      at C:\Users\DELL\AppData\Roaming\npm\node_modules\yarn\lib\cli.js:1629:59
      at Generator.next (<anonymous>)
      at step (C:\Users\DELL\AppData\Roaming\npm\node_modules\yarn\lib\cli.js:310:30)
      at C:\Users\DELL\AppData\Roaming\npm\node_modules\yarn\lib\cli.js:321:13

npm manifest: 
  {
    "name": "backend",
    "version": "1.0.0",
    "description": "",
    "main": "server.js",
    "scripts": {
      "start" : "node server.js",
      "dev": "nodemon server.js",
    },
    "keywords": [],
    "author": "",
    "license": "ISC"
  }

yarn manifest: 
  No manifest

Lockfile: 
  No lockfile
